<?xml version="1.0" encoding="UTF-8"?>
<!-- Generated by org.testng.reporters.JUnitReportReporter -->
<testsuite skipped="2" hostname="LAPTOP-RDMATUKE" name="com.sdet.testcases.Opportunity" tests="4" failures="0" timestamp="2020-12-24T09:17:20 IST" time="105.139" errors="0">
  <testcase name="createOrgnazationTest" time="36.276" classname="com.sdet.testcases.Opportunity"/>
  <system-out>
Home page is displayed  </system-out>
  <testcase name="createOpportunityOneTest" time="68.863" classname="com.sdet.testcases.Opportunity"/>
  <system-out>
Home page is displayed Opportunities list page is dislayed Creating New Opportunity page is displayed created Opportunities is succesfully verified  </system-out>
  <testcase name="createOpportunityThreeTest" classname="com.sdet.testcases.Opportunity">
    <skipped/>
  </testcase> <!-- createOpportunityThreeTest -->
  <system-out/>
  <testcase name="createOpportunityTwoTest" classname="com.sdet.testcases.Opportunity">
    <skipped/>
  </testcase> <!-- createOpportunityTwoTest -->
  <system-out/>
</testsuite> <!-- com.sdet.testcases.Opportunity -->
